# JRE version: OpenJDK Runtime Environment (8.0_152-b01) (build 1.8.0_152-release-1024-b01)
# Java VM: OpenJDK 64-Bit Server VM (25.152-b01 mixed mode bsd-amd64 compressed oops)
Heap:
 PSYoungGen      total 351232K, used 116289K [0x00000007a0000000, 0x00000007bfb00000, 0x00000007c0000000)
  eden space 178176K, 52% used [0x00000007a0000000,0x00000007a5b6c610,0x00000007aae00000)
  from space 173056K, 13% used [0x00000007aae00000,0x00000007ac423e40,0x00000007b5700000)
  to   space 167424K, 0% used [0x00000007b5780000,0x00000007b5780000,0x00000007bfb00000)
 ParOldGen       total 277504K, used 149079K [0x0000000760000000, 0x0000000770f00000, 0x00000007a0000000)
  object space 277504K, 53% used [0x0000000760000000,0x0000000769195fc0,0x0000000770f00000)
 Metaspace       used 108169K, capacity 112398K, committed 113496K, reserved 1148928K
  class space    used 13083K, capacity 13925K, committed 14208K, reserved 1048576K
GC Heap History (10 events):
Event: 3268.367 GC heap before
{Heap before GC invocations=34 (full 5):
 PSYoungGen      total 323072K, used 175092K [0x00000007a0000000, 0x00000007c0000000, 0x00000007c0000000)
  eden space 175104K, 99% used [0x00000007a0000000,0x00000007aaafd1d0,0x00000007aab00000)
  from space 147968K, 0% used [0x00000007b6f80000,0x00000007b6f80000,0x00000007c0000000)
  to   space 174592K, 0% used [0x00000007aab00000,0x00000007aab00000,0x00000007b5580000)
 ParOldGen       total 277504K, used 93582K [0x0000000760000000, 0x0000000770f00000, 0x00000007a0000000)
  object space 277504K, 33% used [0x0000000760000000,0x0000000765b63888,0x0000000770f00000)
 Metaspace       used 102850K, capacity 106920K, committed 108120K, reserved 1144832K
  class space    used 12509K, capacity 13340K, committed 13696K, reserved 1048576K
Event: 3268.401 GC heap after
Heap after GC invocations=34 (full 5):
 PSYoungGen      total 349696K, used 17019K [0x00000007a0000000, 0x00000007c0000000, 0x00000007c0000000)
  eden space 175104K, 0% used [0x00000007a0000000,0x00000007a0000000,0x00000007aab00000)
  from space 174592K, 9% used [0x00000007aab00000,0x00000007abb9ec28,0x00000007b5580000)
  to   space 172544K, 0% used [0x00000007b5780000,0x00000007b5780000,0x00000007c0000000)
 ParOldGen       total 277504K, used 93590K [0x0000000760000000, 0x0000000770f00000, 0x00000007a0000000)
  object space 277504K, 33% used [0x0000000760000000,0x0000000765b65888,0x0000000770f00000)
 Metaspace       used 102850K, capacity 106920K, committed 108120K, reserved 1144832K
  class space    used 12509K, capacity 13340K, committed 13696K, reserved 1048576K
}
Event: 10220.661 GC heap before
{Heap before GC invocations=35 (full 5):
 PSYoungGen      total 349696K, used 192123K [0x00000007a0000000, 0x00000007c0000000, 0x00000007c0000000)
  eden space 175104K, 100% used [0x00000007a0000000,0x00000007aab00000,0x00000007aab00000)
  from space 174592K, 9% used [0x00000007aab00000,0x00000007abb9ec28,0x00000007b5580000)
  to   space 172544K, 0% used [0x00000007b5780000,0x00000007b5780000,0x00000007c0000000)
 ParOldGen       total 277504K, used 93590K [0x0000000760000000, 0x0000000770f00000, 0x00000007a0000000)
  object space 277504K, 33% used [0x0000000760000000,0x0000000765b65888,0x0000000770f00000)
 Metaspace       used 103066K, capacity 107210K, committed 108376K, reserved 1144832K
  class space    used 12534K, capacity 13387K, committed 13696K, reserved 1048576K
Event: 10221.176 GC heap after
Heap after GC invocations=35 (full 5):
 PSYoungGen      total 343552K, used 11053K [0x00000007a0000000, 0x00000007bfa00000, 0x00000007c0000000)
  eden space 177152K, 0% used [0x00000007a0000000,0x00000007a0000000,0x00000007aad00000)
  from space 166400K, 6% used [0x00000007b5780000,0x00000007b624b6b0,0x00000007bfa00000)
  to   space 170496K, 0% used [0x00000007aad00000,0x00000007aad00000,0x00000007b5380000)
 ParOldGen       total 277504K, used 109188K [0x0000000760000000, 0x0000000770f00000, 0x00000007a0000000)
  object space 277504K, 39% used [0x0000000760000000,0x0000000766aa13b0,0x0000000770f00000)
 Metaspace       used 103066K, capacity 107210K, committed 108376K, reserved 1144832K
  class space    used 12534K, capacity 13387K, committed 13696K, reserved 1048576K
}
Event: 10234.701 GC heap before
{Heap before GC invocations=36 (full 5):
 PSYoungGen      total 343552K, used 188205K [0x00000007a0000000, 0x00000007bfa00000, 0x00000007c0000000)
  eden space 177152K, 100% used [0x00000007a0000000,0x00000007aad00000,0x00000007aad00000)
  from space 166400K, 6% used [0x00000007b5780000,0x00000007b624b6b0,0x00000007bfa00000)
  to   space 170496K, 0% used [0x00000007aad00000,0x00000007aad00000,0x00000007b5380000)
 ParOldGen       total 277504K, used 109188K [0x0000000760000000, 0x0000000770f00000, 0x00000007a0000000)
  object space 277504K, 39% used [0x0000000760000000,0x0000000766aa13b0,0x0000000770f00000)
 Metaspace       used 104675K, capacity 108814K, committed 110040K, reserved 1144832K
  class space    used 12736K, capacity 13579K, committed 13824K, reserved 1048576K
Event: 10234.754 GC heap after
Heap after GC invocations=36 (full 5):
 PSYoungGen      total 347648K, used 12183K [0x00000007a0000000, 0x00000007bfd00000, 0x00000007c0000000)
  eden space 177152K, 0% used [0x00000007a0000000,0x00000007a0000000,0x00000007aad00000)
  from space 170496K, 7% used [0x00000007aad00000,0x00000007ab8e5cb8,0x00000007b5380000)
  to   space 166912K, 0% used [0x00000007b5a00000,0x00000007b5a00000,0x00000007bfd00000)
 ParOldGen       total 277504K, used 112782K [0x0000000760000000, 0x0000000770f00000, 0x00000007a0000000)
  object space 277504K, 40% used [0x0000000760000000,0x0000000766e23968,0x0000000770f00000)
 Metaspace       used 104675K, capacity 108814K, committed 110040K, reserved 1144832K
  class space    used 12736K, capacity 13579K, committed 13824K, reserved 1048576K
}
Event: 10238.270 GC heap before
{Heap before GC invocations=37 (full 5):
 PSYoungGen      total 347648K, used 189335K [0x00000007a0000000, 0x00000007bfd00000, 0x00000007c0000000)
  eden space 177152K, 100% used [0x00000007a0000000,0x00000007aad00000,0x00000007aad00000)
  from space 170496K, 7% used [0x00000007aad00000,0x00000007ab8e5cb8,0x00000007b5380000)
  to   space 166912K, 0% used [0x00000007b5a00000,0x00000007b5a00000,0x00000007bfd00000)
 ParOldGen       total 277504K, used 112782K [0x0000000760000000, 0x0000000770f00000, 0x00000007a0000000)
  object space 277504K, 40% used [0x0000000760000000,0x0000000766e23968,0x0000000770f00000)
 Metaspace       used 108047K, capacity 112270K, committed 113240K, reserved 1148928K
  class space    used 13069K, capacity 13925K, committed 14208K, reserved 1048576K
Event: 10238.882 GC heap after
Heap after GC invocations=37 (full 5):
 PSYoungGen      total 345088K, used 100431K [0x00000007a0000000, 0x00000007c0000000, 0x00000007c0000000)
  eden space 178176K, 0% used [0x00000007a0000000,0x00000007a0000000,0x00000007aae00000)
  from space 166912K, 60% used [0x00000007b5a00000,0x00000007bbc13f30,0x00000007bfd00000)
  to   space 173056K, 0% used [0x00000007aae00000,0x00000007aae00000,0x00000007b5700000)
 ParOldGen       total 277504K, used 120505K [0x0000000760000000, 0x0000000770f00000, 0x00000007a0000000)
  object space 277504K, 43% used [0x0000000760000000,0x00000007675ae4e8,0x0000000770f00000)
 Metaspace       used 108047K, capacity 112270K, committed 113240K, reserved 1148928K
  class space    used 13069K, capacity 13925K, committed 14208K, reserved 1048576K
}
Event: 10241.627 GC heap before
{Heap before GC invocations=38 (full 5):
 PSYoungGen      total 345088K, used 278607K [0x00000007a0000000, 0x00000007c0000000, 0x00000007c0000000)
  eden space 178176K, 100% used [0x00000007a0000000,0x00000007aae00000,0x00000007aae00000)
  from space 166912K, 60% used [0x00000007b5a00000,0x00000007bbc13f30,0x00000007bfd00000)
  to   space 173056K, 0% used [0x00000007aae00000,0x00000007aae00000,0x00000007b5700000)
 ParOldGen       total 277504K, used 120505K [0x0000000760000000, 0x0000000770f00000, 0x00000007a0000000)
  object space 277504K, 43% used [0x0000000760000000,0x00000007675ae4e8,0x0000000770f00000)
 Metaspace       used 108160K, capacity 112334K, committed 113496K, reserved 1148928K
  class space    used 13083K, capacity 13925K, committed 14208K, reserved 1048576K
Event: 10241.989 GC heap after
Heap after GC invocations=38 (full 5):
 PSYoungGen      total 351232K, used 22671K [0x00000007a0000000, 0x00000007bfb00000, 0x00000007c0000000)
  eden space 178176K, 0% used [0x00000007a0000000,0x00000007a0000000,0x00000007aae00000)
  from space 173056K, 13% used [0x00000007aae00000,0x00000007ac423e40,0x00000007b5700000)
  to   space 167424K, 0% used [0x00000007b5780000,0x00000007b5780000,0x00000007bfb00000)
 ParOldGen       total 277504K, used 149079K [0x0000000760000000, 0x0000000770f00000, 0x00000007a0000000)
  object space 277504K, 53% used [0x0000000760000000,0x0000000769195fc0,0x0000000770f00000)
 Metaspace       used 108160K, capacity 112334K, committed 113496K, reserved 1148928K
  class space    used 13083K, capacity 13925K, committed 14208K, reserved 1048576K
}

